Using pre-set license
Built from '2021.1/staging' branch; Version is '2021.1.3f1 (4bef613afd59) revision 4976481'; Using compiler version '192528614'; Build Type 'Release'
OS: 'Windows 10 Pro; OS build 19041.928; Version 2004; 64bit' Language: 'ru' Physical Memory: 16324 MB
BatchMode: 1, IsHumanControllingUs: 0, StartBugReporterOnCrash: 0, Is64bit: 1, IsPro: 0

 COMMAND LINE ARGUMENTS:
F:\Kirill\1\2021.1.3f1\Editor\Unity.exe
-adb2
-batchMode
-noUpm
-name
AssetImportWorker2
-projectPath
F:/Kirill/Git/GitHub/Battletoads/ahaha
-logFile
Logs/AssetImportWorker2.log
-srvPort
64579
Successfully changed project path to: F:/Kirill/Git/GitHub/Battletoads/ahaha
F:/Kirill/Git/GitHub/Battletoads/ahaha
Using Asset Import Pipeline V2.
Refreshing native plugins compatible for Editor in 125.22 ms, found 2 plugins.
Preloading 0 native plugins for Editor in 0.00 ms.
Initialize engine version: 2021.1.3f1 (4bef613afd59)
[Subsystems] Discovering subsystems at path F:/Kirill/1/2021.1.3f1/Editor/Data/Resources/UnitySubsystems
[Subsystems] Discovering subsystems at path F:/Kirill/Git/GitHub/Battletoads/ahaha/Assets
GfxDevice: creating device client; threaded=0; jobified=0
Direct3D:
    Version:  Direct3D 11.0 [level 11.1]
    Renderer: NVIDIA GeForce GTX 1050 Ti (ID=0x1c82)
    Vendor:   NVIDIA
    VRAM:     4018 MB
    Driver:   27.21.14.6611
Initialize mono
Mono path[0] = 'F:/Kirill/1/2021.1.3f1/Editor/Data/Managed'
Mono path[1] = 'F:/Kirill/1/2021.1.3f1/Editor/Data/MonoBleedingEdge/lib/mono/unityjit'
Mono config path = 'F:/Kirill/1/2021.1.3f1/Editor/Data/MonoBleedingEdge/etc'
Using monoOptions --debugger-agent=transport=dt_socket,embedding=1,server=y,suspend=n,address=127.0.0.1:56496
Begin MonoManager ReloadAssembly
Registering precompiled unity dll's ...
Register platform support module: F:/Kirill/1/2021.1.3f1/Editor/Data/PlaybackEngines/WindowsStandaloneSupport/UnityEditor.WindowsStandalone.Extensions.dll
Registered in 0.001831 seconds.
Native extension for WindowsStandalone target not found
Refreshing native plugins compatible for Editor in 152.65 ms, found 2 plugins.
Preloading 0 native plugins for Editor in 0.00 ms.
Mono: successfully reloaded assembly
- Completed reload, in  1.630 seconds
Platform modules already initialized, skipping
Registering precompiled user dll's ...
Registered in 0.002981 seconds.
Begin MonoManager ReloadAssembly
Native extension for WindowsStandalone target not found
Refreshing native plugins compatible for Editor in 125.18 ms, found 2 plugins.
Preloading 0 native plugins for Editor in 0.00 ms.
Mono: successfully reloaded assembly
- Completed reload, in  2.316 seconds
Platform modules already initialized, skipping
========================================================================
Worker process is ready to serve import requests
Launched and connected shader compiler UnityShaderCompiler.exe after 0.29 seconds
Refreshing native plugins compatible for Editor in 0.69 ms, found 2 plugins.
Preloading 0 native plugins for Editor in 0.00 ms.
Unloading 3384 Unused Serialized files (Serialized files now loaded: 0)
System memory in use before: 128.4 MB.
System memory in use after: 128.5 MB.

Unloading 29 unused Assets to reduce memory usage. Loaded Objects now: 3837.
Total: 3.235100 ms (FindLiveObjects: 0.510700 ms CreateObjectMapping: 0.406800 ms MarkObjects: 2.190900 ms  DeleteObjects: 0.125700 ms)

========================================================================
Received Import Request.
  path: Assets/Scripts/Enemy.cs
  artifactKey: Guid(ca7e110de96cdd9438a219bcb9749f85) Importer(815301076,1909f56bfc062723c751e8b465ee728b)
Start importing Assets/Scripts/Enemy.cs using Guid(ca7e110de96cdd9438a219bcb9749f85) Importer(815301076,1909f56bfc062723c751e8b465ee728b)  -> (artifact id: '6575f385375fa84e536a5e5fd576e36b') in 0.054231 seconds 
========================================================================
Received Prepare
Registering precompiled user dll's ...
Registered in 0.071161 seconds.
Begin MonoManager ReloadAssembly
Native extension for WindowsStandalone target not found
Refreshing native plugins compatible for Editor in 0.65 ms, found 2 plugins.
Preloading 0 native plugins for Editor in 0.00 ms.
Mono: successfully reloaded assembly
- Completed reload, in  1.113 seconds
Platform modules already initialized, skipping
Switching build target platform(19) subTarget(0) extendedPlatform(0) -> platform(13) subTarget(537395200) extendedPlatform(0)
Refreshing native plugins compatible for Editor in 0.91 ms, found 2 plugins.
Preloading 0 native plugins for Editor in 0.00 ms.
Unloading 3382 Unused Serialized files (Serialized files now loaded: 0)
System memory in use before: 128.5 MB.
System memory in use after: 128.6 MB.

Unloading 17 unused Assets to reduce memory usage. Loaded Objects now: 3841.
Total: 3.234000 ms (FindLiveObjects: 0.359900 ms CreateObjectMapping: 0.319400 ms MarkObjects: 2.451500 ms  DeleteObjects: 0.102000 ms)

AssetImportParameters requested are different than current active one (requested -> active):
  custom:graphics/normal-map-encoding: 01000000000000000000000000000000 -> 02000000000000000000000000000000
========================================================================
Received Import Request.
  Time since last request: 663.803247 seconds.
  path: Assets/Scripts/Enemy.cs
  artifactKey: Guid(ca7e110de96cdd9438a219bcb9749f85) Importer(815301076,1909f56bfc062723c751e8b465ee728b)
Start importing Assets/Scripts/Enemy.cs using Guid(ca7e110de96cdd9438a219bcb9749f85) Importer(815301076,1909f56bfc062723c751e8b465ee728b)  -> (artifact id: '4637bd444527e63f99d58ec94adba23f') in 0.006559 seconds 
========================================================================
Received Prepare
Registering precompiled user dll's ...
Registered in 0.033895 seconds.
Begin MonoManager ReloadAssembly
Native extension for WindowsStandalone target not found
Refreshing native plugins compatible for Editor in 0.68 ms, found 2 plugins.
Preloading 0 native plugins for Editor in 0.00 ms.
Mono: successfully reloaded assembly
- Completed reload, in  1.212 seconds
Platform modules already initialized, skipping
Switching build target platform(19) subTarget(0) extendedPlatform(0) -> platform(13) subTarget(537395200) extendedPlatform(0)
Refreshing native plugins compatible for Editor in 0.84 ms, found 2 plugins.
Preloading 0 native plugins for Editor in 0.00 ms.
Unloading 3382 Unused Serialized files (Serialized files now loaded: 0)
System memory in use before: 128.5 MB.
System memory in use after: 128.6 MB.

Unloading 17 unused Assets to reduce memory usage. Loaded Objects now: 3845.
Total: 4.451800 ms (FindLiveObjects: 0.707800 ms CreateObjectMapping: 0.316400 ms MarkObjects: 3.291500 ms  DeleteObjects: 0.134600 ms)

AssetImportParameters requested are different than current active one (requested -> active):
  custom:graphics/normal-map-encoding: 01000000000000000000000000000000 -> 02000000000000000000000000000000
========================================================================
Received Prepare
Registering precompiled user dll's ...
Registered in 0.004115 seconds.
Begin MonoManager ReloadAssembly
Native extension for WindowsStandalone target not found
Refreshing native plugins compatible for Editor in 0.68 ms, found 2 plugins.
Preloading 0 native plugins for Editor in 0.00 ms.
Mono: successfully reloaded assembly
- Completed reload, in  1.479 seconds
Platform modules already initialized, skipping
Switching build target platform(19) subTarget(0) extendedPlatform(0) -> platform(13) subTarget(537395200) extendedPlatform(0)
Refreshing native plugins compatible for Editor in 0.84 ms, found 2 plugins.
Preloading 0 native plugins for Editor in 0.00 ms.
Unloading 3382 Unused Serialized files (Serialized files now loaded: 0)
System memory in use before: 128.6 MB.
System memory in use after: 128.7 MB.

Unloading 17 unused Assets to reduce memory usage. Loaded Objects now: 3849.
Total: 2.873800 ms (FindLiveObjects: 0.321800 ms CreateObjectMapping: 0.249400 ms MarkObjects: 2.200500 ms  DeleteObjects: 0.100600 ms)

AssetImportParameters requested are different than current active one (requested -> active):
  custom:graphics/normal-map-encoding: 01000000000000000000000000000000 -> 02000000000000000000000000000000
========================================================================
Received Import Request.
  Time since last request: 389.075943 seconds.
  path: ProjectSettings/TagManager.asset
  artifactKey: Guid(00000000000000003000000000000000) Importer(815301076,1909f56bfc062723c751e8b465ee728b)
Start importing ProjectSettings/TagManager.asset using Guid(00000000000000003000000000000000) Importer(815301076,1909f56bfc062723c751e8b465ee728b)  -> (artifact id: 'a1239f698f7e4fbf89ddb082defaf4fe') in 0.107813 seconds 
========================================================================
Received Import Request.
  Time since last request: 19.184652 seconds.
  path: Assets/SPRITES/player/run/run-1.png
  artifactKey: Guid(645394ed7687861498647c176d5964e3) Importer(815301076,1909f56bfc062723c751e8b465ee728b)
Start importing Assets/SPRITES/player/run/run-1.png using Guid(645394ed7687861498647c176d5964e3) Importer(815301076,1909f56bfc062723c751e8b465ee728b)  -> (artifact id: 'f877523545674af47ebe879b929e0919') in 0.896875 seconds 
========================================================================
Received Import Request.
  Time since last request: 0.000321 seconds.
  path: Assets/SPRITES/player/run/run-preview.gif
  artifactKey: Guid(4daa58826fa5ffd48906e10f1bd6d71c) Importer(815301076,1909f56bfc062723c751e8b465ee728b)
Start importing Assets/SPRITES/player/run/run-preview.gif using Guid(4daa58826fa5ffd48906e10f1bd6d71c) Importer(815301076,1909f56bfc062723c751e8b465ee728b)  -> (artifact id: 'ae12e4e9d8fe0bce442899f597d67d58') in 0.044030 seconds 
========================================================================
Received Import Request.
  Time since last request: 0.000795 seconds.
  path: Assets/SPRITES/player/run/run-4.png
  artifactKey: Guid(850b9ac72e550174f9aa180f6288fec3) Importer(815301076,1909f56bfc062723c751e8b465ee728b)
Start importing Assets/SPRITES/player/run/run-4.png using Guid(850b9ac72e550174f9aa180f6288fec3) Importer(815301076,1909f56bfc062723c751e8b465ee728b)  -> (artifact id: '90d66c8b9418cfcfc62e7205e63466c8') in 0.044220 seconds 
========================================================================
Received Import Request.
  Time since last request: 0.000245 seconds.
  path: Assets/SPRITES/player/run/run-6.png
  artifactKey: Guid(1393d2b54a7d11c49afbbf2c4a48b45d) Importer(815301076,1909f56bfc062723c751e8b465ee728b)
Start importing Assets/SPRITES/player/run/run-6.png using Guid(1393d2b54a7d11c49afbbf2c4a48b45d) Importer(815301076,1909f56bfc062723c751e8b465ee728b)  -> (artifact id: '2010d34399fa1cca82687c3f30942de2') in 0.034483 seconds 
========================================================================
Received Import Request.
  Time since last request: 0.000196 seconds.
  path: Assets/SPRITES/player/run/run-7.png
  artifactKey: Guid(5b276ff461bfb644b84be25509e2a822) Importer(815301076,1909f56bfc062723c751e8b465ee728b)
Start importing Assets/SPRITES/player/run/run-7.png using Guid(5b276ff461bfb644b84be25509e2a822) Importer(815301076,1909f56bfc062723c751e8b465ee728b)  -> (artifact id: '80152d4ad73a7dbd4e8399bd6a772f89') in 0.036501 seconds 
========================================================================
Received Import Request.
  Time since last request: 0.000250 seconds.
  path: Assets/SPRITES/player/run/run-2.png
  artifactKey: Guid(7896cc981a0d1a84183c28271fefb5d9) Importer(815301076,1909f56bfc062723c751e8b465ee728b)
Start importing Assets/SPRITES/player/run/run-2.png using Guid(7896cc981a0d1a84183c28271fefb5d9) Importer(815301076,1909f56bfc062723c751e8b465ee728b)  -> (artifact id: '958d787defea64cc6a847953ea7ded5c') in 0.019431 seconds 
========================================================================
Received Import Request.
  Time since last request: 0.000278 seconds.
  path: Assets/SPRITES/player/run/run-5.png
  artifactKey: Guid(8269d62ea51fa3c4cbe58b9c66332528) Importer(815301076,1909f56bfc062723c751e8b465ee728b)
Start importing Assets/SPRITES/player/run/run-5.png using Guid(8269d62ea51fa3c4cbe58b9c66332528) Importer(815301076,1909f56bfc062723c751e8b465ee728b)  -> (artifact id: '0972f5ed6dd7357ba85c8f8fad37172e') in 0.032133 seconds 
========================================================================
Received Import Request.
  Time since last request: 0.000239 seconds.
  path: Assets/SPRITES/player/run/run-3.png
  artifactKey: Guid(33db5e6f727ed0b49ab6f207f2f2b9d4) Importer(815301076,1909f56bfc062723c751e8b465ee728b)
Start importing Assets/SPRITES/player/run/run-3.png using Guid(33db5e6f727ed0b49ab6f207f2f2b9d4) Importer(815301076,1909f56bfc062723c751e8b465ee728b)  -> (artifact id: 'eefd68215986f1acfc51e082483ed9fb') in 0.030128 seconds 
========================================================================
Received Import Request.
  Time since last request: 0.000132 seconds.
  path: Assets/SPRITES/player/run/run-8.png
  artifactKey: Guid(f13d1dae3eb318d4bac0c43cd6e1164b) Importer(815301076,1909f56bfc062723c751e8b465ee728b)
Start importing Assets/SPRITES/player/run/run-8.png using Guid(f13d1dae3eb318d4bac0c43cd6e1164b) Importer(815301076,1909f56bfc062723c751e8b465ee728b)  -> (artifact id: 'c1effae258ca500ac272638fbd454127') in 0.020008 seconds 
========================================================================
Received Prepare
Registering precompiled user dll's ...
Registered in 0.003260 seconds.
Begin MonoManager ReloadAssembly
Native extension for WindowsStandalone target not found
Refreshing native plugins compatible for Editor in 0.77 ms, found 2 plugins.
Preloading 0 native plugins for Editor in 0.00 ms.
Mono: successfully reloaded assembly
- Completed reload, in  1.135 seconds
Platform modules already initialized, skipping
Switching build target platform(19) subTarget(0) extendedPlatform(0) -> platform(13) subTarget(537395200) extendedPlatform(0)
Refreshing native plugins compatible for Editor in 0.91 ms, found 2 plugins.
Preloading 0 native plugins for Editor in 0.00 ms.
Unloading 3391 Unused Serialized files (Serialized files now loaded: 0)
System memory in use before: 136.3 MB.
System memory in use after: 136.4 MB.

Unloading 18 unused Assets to reduce memory usage. Loaded Objects now: 3994.
Total: 2.889000 ms (FindLiveObjects: 0.304300 ms CreateObjectMapping: 0.203400 ms MarkObjects: 2.244400 ms  DeleteObjects: 0.136000 ms)

AssetImportParameters requested are different than current active one (requested -> active):
  custom:graphics/normal-map-encoding: 01000000000000000000000000000000 -> 02000000000000000000000000000000
========================================================================
Received Prepare
Registering precompiled user dll's ...
Registered in 0.005082 seconds.
Begin MonoManager ReloadAssembly
Native extension for WindowsStandalone target not found
Refreshing native plugins compatible for Editor in 0.75 ms, found 2 plugins.
Preloading 0 native plugins for Editor in 0.00 ms.
Mono: successfully reloaded assembly
- Completed reload, in  1.686 seconds
Platform modules already initialized, skipping
Switching build target platform(19) subTarget(0) extendedPlatform(0) -> platform(13) subTarget(537395200) extendedPlatform(0)
Refreshing native plugins compatible for Editor in 0.97 ms, found 2 plugins.
Preloading 0 native plugins for Editor in 0.00 ms.
Unloading 3382 Unused Serialized files (Serialized files now loaded: 0)
System memory in use before: 135.9 MB.
System memory in use after: 136.0 MB.

Unloading 17 unused Assets to reduce memory usage. Loaded Objects now: 3998.
Total: 4.254600 ms (FindLiveObjects: 0.298900 ms CreateObjectMapping: 0.202700 ms MarkObjects: 3.645000 ms  DeleteObjects: 0.106600 ms)

AssetImportParameters requested are different than current active one (requested -> active):
  custom:graphics/normal-map-encoding: 01000000000000000000000000000000 -> 02000000000000000000000000000000
AssetImportWorkerClient::OnTransportError - code=2 error=End of file
